C51 COMPILER V9.60.0.0   PROJ                                                              12/02/2022 22:10:51 PAGE 1   


C51 COMPILER V9.60.0.0, COMPILATION OF MODULE PROJ
OBJECT MODULE PLACED IN .\Objects\proj.obj
COMPILER INVOKED BY: C:\Keil_v5\C51\BIN\C51.EXE proj.c OPTIMIZE(8,SPEED) BROWSE DEBUG OBJECTEXTEND PRINT(.\Listings\proj
                    -.lst) TABS(2) OBJECT(.\Objects\proj.obj)

line level    source

   1          int i=6,j=4,k;
   2          int main()
   3          {
   4   1        mul();
*** WARNING C206 IN LINE 4 OF proj.c: 'mul': missing function-prototype
   5   1        return 0;
   6   1      }


MODULE INFORMATION:   STATIC OVERLAYABLE
   CODE SIZE        =      7    ----
   CONSTANT SIZE    =   ----    ----
   XDATA SIZE       =   ----    ----
   PDATA SIZE       =   ----    ----
   DATA SIZE        =      6    ----
   IDATA SIZE       =   ----    ----
   BIT SIZE         =   ----    ----
END OF MODULE INFORMATION.


C51 COMPILATION COMPLETE.  1 WARNING(S),  0 ERROR(S)
